\BOOKMARK [0][-]{chapter.1}{\376\377\000I\000n\000t\000r\000o\000d\000u\000c\000t\000i\000o\000n}{}% 1
\BOOKMARK [0][-]{chapter.2}{\376\377\000I\000n\000t\000e\000g\000r\000a\000t\000e\000d\000\040\000S\000i\000m\000u\000l\000a\000t\000i\000o\000n\000\040\000P\000l\000a\000t\000f\000o\000r\000m}{}% 2
\BOOKMARK [1][-]{section.2.1}{\376\377\000I\000n\000t\000e\000g\000r\000a\000t\000e\000d\000\040\000i\000n\000f\000r\000a\000s\000t\000r\000u\000c\000t\000u\000r\000e\000\040\000n\000e\000t\000w\000o\000r\000k}{chapter.2}% 3
\BOOKMARK [1][-]{section.2.2}{\376\377\000N\000e\000t\000w\000o\000r\000k\000\040\000r\000e\000c\000o\000v\000e\000r\000y}{chapter.2}% 4
\BOOKMARK [1][-]{section.2.3}{\376\377\000R\000e\000c\000o\000v\000e\000r\000y\000\040\000o\000p\000t\000i\000m\000i\000z\000a\000t\000i\000o\000n}{chapter.2}% 5
\BOOKMARK [1][-]{section.2.4}{\376\377\000W\000o\000r\000k\000\040\000i\000n\000\040\000p\000r\000o\000g\000r\000e\000s\000s}{chapter.2}% 6
\BOOKMARK [0][-]{chapter.3}{\376\377\000M\000o\000d\000e\000l\000\040\000D\000a\000t\000a\000\040\000r\000e\000q\000u\000i\000r\000e\000m\000e\000n\000t\000s}{}% 7
\BOOKMARK [1][-]{section.3.1}{\376\377\000I\000n\000f\000r\000a\000s\000t\000r\000u\000c\000t\000u\000r\000e\000\040\000n\000e\000t\000w\000o\000r\000k\000s}{chapter.3}% 8
\BOOKMARK [2][-]{subsection.3.1.1}{\376\377\000W\000a\000t\000e\000r\000\040\000d\000i\000s\000t\000r\000i\000b\000u\000t\000i\000o\000n\000\040\000s\000y\000s\000t\000e\000m}{section.3.1}% 9
\BOOKMARK [2][-]{subsection.3.1.2}{\376\377\000P\000o\000w\000e\000r\000\040\000s\000y\000s\000t\000e\000m}{section.3.1}% 10
\BOOKMARK [2][-]{subsection.3.1.3}{\376\377\000T\000r\000a\000n\000s\000p\000o\000r\000t\000a\000t\000i\000o\000n\000\040\000s\000y\000s\000t\000e\000m}{section.3.1}% 11
\BOOKMARK [1][-]{section.3.2}{\376\377\000I\000n\000f\000r\000a\000s\000t\000r\000u\000c\000t\000u\000r\000e\000\040\000d\000e\000p\000e\000n\000d\000e\000n\000c\000i\000e\000s}{chapter.3}% 12
\BOOKMARK [1][-]{section.3.3}{\376\377\000I\000n\000f\000r\000a\000s\000t\000r\000u\000c\000t\000u\000r\000e\000\040\000d\000i\000s\000r\000u\000p\000t\000i\000o\000n\000\040\000d\000a\000t\000a}{chapter.3}% 13
\BOOKMARK [0][-]{chapter.4}{\376\377\000I\000n\000s\000t\000a\000l\000l\000a\000t\000i\000o\000n}{}% 14
\BOOKMARK [1][-]{section.4.1}{\376\377\000S\000t\000a\000b\000l\000e\000\040\000r\000e\000l\000e\000a\000s\000e}{chapter.4}% 15
\BOOKMARK [1][-]{section.4.2}{\376\377\000F\000r\000o\000m\000\040\000s\000o\000u\000r\000c\000e\000s}{chapter.4}% 16
\BOOKMARK [0][-]{chapter.5}{\376\377\000G\000e\000t\000t\000i\000n\000g\000\040\000S\000t\000a\000r\000t\000e\000d}{}% 17
\BOOKMARK [1][-]{section.5.1}{\376\377\000L\000o\000a\000d\000\040\000r\000e\000q\000u\000i\000r\000e\000d\000\040\000m\000o\000d\000u\000l\000e\000s\000\040\000a\000n\000d\000\040\000l\000i\000b\000r\000a\000r\000i\000e\000s}{chapter.5}% 18
\BOOKMARK [1][-]{section.5.2}{\376\377\000L\000o\000a\000d\000\040\000i\000n\000d\000i\000v\000i\000d\000u\000a\000l\000\040\000n\000e\000t\000w\000o\000r\000k\000s\000\040\000a\000n\000d\000\040\000c\000r\000e\000a\000t\000e\000\040\000a\000n\000\040\000I\000n\000t\000e\000g\000r\000a\000t\000e\000d\000N\000e\000t\000w\000o\000r\000k\000\040\000o\000b\000j\000e\000c\000t}{chapter.5}% 19
\BOOKMARK [1][-]{section.5.3}{\376\377\000S\000e\000t\000\040\000d\000i\000s\000r\000u\000p\000t\000e\000d\000\040\000c\000o\000m\000p\000o\000n\000e\000n\000t\000s}{chapter.5}% 20
\BOOKMARK [1][-]{section.5.4}{\376\377\000S\000e\000t\000\040\000i\000n\000i\000t\000i\000a\000l\000\040\000l\000o\000c\000a\000t\000i\000o\000n\000s\000\040\000o\000f\000\040\000r\000e\000s\000t\000o\000r\000a\000t\000i\000o\000n\000\040\000c\000r\000e\000w}{chapter.5}% 21
\BOOKMARK [1][-]{section.5.5}{\376\377\000O\000p\000t\000i\000m\000i\000z\000a\000t\000i\000o\000n\000\040\000o\000f\000\040\000r\000e\000s\000t\000o\000r\000a\000t\000i\000o\000n\000\040\000a\000c\000t\000i\000o\000n\000s}{chapter.5}% 22
\BOOKMARK [1][-]{section.5.6}{\376\377\000P\000l\000o\000t\000\040\000t\000h\000e\000\040\000r\000e\000s\000u\000l\000t\000s}{chapter.5}% 23
\BOOKMARK [1][-]{section.5.7}{\376\377\000S\000a\000v\000e\000\040\000t\000h\000e\000\040\000r\000e\000s\000u\000l\000t\000s}{chapter.5}% 24
\BOOKMARK [0][-]{chapter.6}{\376\377\000S\000u\000p\000p\000o\000r\000t}{}% 25
