\BOOKMARK [0][-]{chapter.1}{\376\377\000I\000n\000t\000r\000o\000d\000u\000c\000t\000i\000o\000n}{}% 1
\BOOKMARK [0][-]{chapter.2}{\376\377\000I\000n\000t\000e\000g\000r\000a\000t\000e\000d\000\040\000S\000i\000m\000u\000l\000a\000t\000i\000o\000n\000\040\000P\000l\000a\000t\000f\000o\000r\000m}{}% 2
\BOOKMARK [1][-]{section.2.1}{\376\377\000I\000n\000t\000e\000g\000r\000a\000t\000e\000d\000\040\000i\000n\000f\000r\000a\000s\000t\000r\000u\000c\000t\000u\000r\000e\000\040\000n\000e\000t\000w\000o\000r\000k}{chapter.2}% 3
\BOOKMARK [1][-]{section.2.2}{\376\377\000N\000e\000t\000w\000o\000r\000k\000\040\000r\000e\000c\000o\000v\000e\000r\000y}{chapter.2}% 4
\BOOKMARK [1][-]{section.2.3}{\376\377\000R\000e\000c\000o\000v\000e\000r\000y\000\040\000o\000p\000t\000i\000m\000i\000z\000a\000t\000i\000o\000n}{chapter.2}% 5
\BOOKMARK [0][-]{chapter.3}{\376\377\000D\000a\000t\000a\000\040\000r\000e\000q\000u\000i\000r\000e\000m\000e\000n\000t\000s}{}% 6
\BOOKMARK [0][-]{chapter.4}{\376\377\000I\000n\000s\000t\000a\000l\000l\000a\000t\000i\000o\000n}{}% 7
\BOOKMARK [1][-]{section.4.1}{\376\377\000S\000t\000a\000b\000l\000e\000\040\000r\000e\000l\000e\000a\000s\000e}{chapter.4}% 8
\BOOKMARK [1][-]{section.4.2}{\376\377\000F\000r\000o\000m\000\040\000s\000o\000u\000r\000c\000e\000s}{chapter.4}% 9
\BOOKMARK [0][-]{chapter.5}{\376\377\000G\000e\000t\000t\000i\000n\000g\000\040\000s\000t\000a\000r\000t\000e\000d}{}% 10
\BOOKMARK [0][-]{chapter.6}{\376\377\000S\000u\000p\000p\000o\000r\000t}{}% 11
\BOOKMARK [0][-]{chapter.7}{\376\377\000A\000P\000I\000\040\000d\000o\000c\000u\000m\000e\000n\000t\000a\000t\000i\000o\000n}{}% 12
\BOOKMARK [1][-]{section.7.1}{\376\377\000d\000r\000e\000a\000m\000i\000n\000s\000g\000\137\000i\000n\000t\000e\000g\000r\000a\000t\000e\000d\000\137\000m\000o\000d\000e\000l\000.\000m\000a\000i\000n\000\040\000m\000o\000d\000u\000l\000e}{chapter.7}% 13
\BOOKMARK [1][-]{section.7.2}{\376\377\000d\000r\000e\000a\000m\000i\000n\000s\000g\000\137\000i\000n\000t\000e\000g\000r\000a\000t\000e\000d\000\137\000m\000o\000d\000e\000l\000.\000s\000r\000c\000\040\000p\000a\000c\000k\000a\000g\000e}{chapter.7}% 14
\BOOKMARK [2][-]{subsection.7.2.1}{\376\377\000d\000r\000e\000a\000m\000i\000n\000s\000g\000\137\000i\000n\000t\000e\000g\000r\000a\000t\000e\000d\000\137\000m\000o\000d\000e\000l\000.\000s\000r\000c\000.\000h\000a\000z\000a\000r\000d\000\137\000i\000n\000i\000t\000i\000a\000t\000o\000r}{section.7.2}% 15
\BOOKMARK [2][-]{subsection.7.2.2}{\376\377\000d\000r\000e\000a\000m\000i\000n\000s\000g\000\137\000i\000n\000t\000e\000g\000r\000a\000t\000e\000d\000\137\000m\000o\000d\000e\000l\000.\000s\000r\000c\000.\000n\000e\000t\000w\000o\000r\000k\000\137\000g\000e\000n\000e\000r\000a\000t\000o\000r}{section.7.2}% 16
\BOOKMARK [2][-]{subsection.7.2.3}{\376\377\000d\000r\000e\000a\000m\000i\000n\000s\000g\000\137\000i\000n\000t\000e\000g\000r\000a\000t\000e\000d\000\137\000m\000o\000d\000e\000l\000.\000s\000r\000c\000.\000n\000e\000t\000w\000o\000r\000k\000\137\000r\000e\000c\000o\000v\000e\000r\000y}{section.7.2}% 17
\BOOKMARK [2][-]{subsection.7.2.4}{\376\377\000d\000r\000e\000a\000m\000i\000n\000s\000g\000\137\000i\000n\000t\000e\000g\000r\000a\000t\000e\000d\000\137\000m\000o\000d\000e\000l\000.\000s\000r\000c\000.\000s\000i\000m\000u\000l\000a\000t\000i\000o\000n}{section.7.2}% 18
\BOOKMARK [2][-]{subsection.7.2.5}{\376\377\000d\000r\000e\000a\000m\000i\000n\000s\000g\000\137\000i\000n\000t\000e\000g\000r\000a\000t\000e\000d\000\137\000m\000o\000d\000e\000l\000.\000s\000r\000c\000.\000o\000p\000t\000i\000m\000i\000z\000e\000r}{section.7.2}% 19
\BOOKMARK [2][-]{subsection.7.2.6}{\376\377\000d\000r\000e\000a\000m\000i\000n\000s\000g\000\137\000i\000n\000t\000e\000g\000r\000a\000t\000e\000d\000\137\000m\000o\000d\000e\000l\000.\000s\000r\000c\000.\000r\000e\000s\000i\000l\000i\000e\000n\000c\000e\000\137\000m\000e\000t\000r\000i\000c\000s}{section.7.2}% 20
\BOOKMARK [2][-]{subsection.7.2.7}{\376\377\000d\000r\000e\000a\000m\000i\000n\000s\000g\000\137\000i\000n\000t\000e\000g\000r\000a\000t\000e\000d\000\137\000m\000o\000d\000e\000l\000.\000s\000r\000c\000.\000p\000l\000o\000t\000s}{section.7.2}% 21
\BOOKMARK [2][-]{subsection.7.2.8}{\376\377\000d\000r\000e\000a\000m\000i\000n\000s\000g\000\137\000i\000n\000t\000e\000g\000r\000a\000t\000e\000d\000\137\000m\000o\000d\000e\000l\000.\000s\000r\000c\000.\000n\000e\000t\000w\000o\000r\000k\000\137\000s\000i\000m\000\137\000m\000o\000d\000e\000l\000s\000.\000i\000n\000t\000e\000g\000r\000a\000t\000e\000d\000\137\000n\000e\000t\000w\000o\000r\000k}{section.7.2}% 22
\BOOKMARK [2][-]{subsection.7.2.9}{\376\377\000d\000r\000e\000a\000m\000i\000n\000s\000g\000\137\000i\000n\000t\000e\000g\000r\000a\000t\000e\000d\000\137\000m\000o\000d\000e\000l\000.\000s\000r\000c\000.\000n\000e\000t\000w\000o\000r\000k\000\137\000s\000i\000m\000\137\000m\000o\000d\000e\000l\000s\000.\000i\000n\000t\000e\000r\000d\000e\000p\000e\000n\000d\000e\000n\000c\000i\000e\000s}{section.7.2}% 23
\BOOKMARK [2][-]{subsection.7.2.10}{\376\377\000d\000r\000e\000a\000m\000i\000n\000s\000g\000\137\000i\000n\000t\000e\000g\000r\000a\000t\000e\000d\000\137\000m\000o\000d\000e\000l\000.\000s\000r\000c\000.\000n\000e\000t\000w\000o\000r\000k\000\137\000s\000i\000m\000\137\000m\000o\000d\000e\000l\000s\000.\000p\000o\000w\000e\000r\000.\000p\000o\000w\000e\000r\000\137\000s\000y\000s\000t\000e\000m\000\137\000m\000o\000d\000e\000l}{section.7.2}% 24
\BOOKMARK [2][-]{subsection.7.2.11}{\376\377\000d\000r\000e\000a\000m\000i\000n\000s\000g\000\137\000i\000n\000t\000e\000g\000r\000a\000t\000e\000d\000\137\000m\000o\000d\000e\000l\000.\000s\000r\000c\000.\000n\000e\000t\000w\000o\000r\000k\000\137\000s\000i\000m\000\137\000m\000o\000d\000e\000l\000s\000.\000w\000a\000t\000e\000r\000.\000w\000a\000t\000e\000r\000\137\000n\000e\000t\000w\000o\000r\000k\000\137\000m\000o\000d\000e\000l}{section.7.2}% 25
\BOOKMARK [0][-]{chapter.8}{\376\377\000S\000E\000C\000\040\000D\000i\000s\000c\000l\000a\000i\000m\000e\000r}{}% 26
\BOOKMARK [0][-]{chapter.9}{\376\377\000F\000u\000n\000d\000i\000n\000g\000\040\000S\000t\000a\000t\000e\000m\000e\000n\000t}{}% 27
\BOOKMARK [0][-]{chapter.10}{\376\377\000I\000n\000d\000i\000c\000e\000s\000\040\000a\000n\000d\000\040\000t\000a\000b\000l\000e\000s}{}% 28
\BOOKMARK [0][-]{section*.103}{\376\377\000P\000y\000t\000h\000o\000n\000\040\000M\000o\000d\000u\000l\000e\000\040\000I\000n\000d\000e\000x}{}% 29
